# JRE version: Java(TM) SE Runtime Environment (8.0_181-b13) (build 1.8.0_181-b13)
# Java VM: Java HotSpot(TM) 64-Bit Server VM (25.181-b13 mixed mode linux-amd64 compressed oops)
Heap:
 PSYoungGen      total 499712K, used 41936K [0x00000000d5580000, 0x00000000fbe80000, 0x0000000100000000)
  eden space 417280K, 0% used [0x00000000d5580000,0x00000000d5580000,0x00000000eed00000)
  from space 82432K, 50% used [0x00000000f1d80000,0x00000000f4674150,0x00000000f6e00000)
  to   space 33280K, 0% used [0x00000000f9e00000,0x00000000f9e00000,0x00000000fbe80000)
 ParOldGen       total 248832K, used 121136K [0x0000000080000000, 0x000000008f300000, 0x00000000d5580000)
  object space 248832K, 48% used [0x0000000080000000,0x000000008764c3d0,0x000000008f300000)
 Metaspace       used 11646K, capacity 12236K, committed 12416K, reserved 1060864K
  class space    used 1389K, capacity 1550K, committed 1664K, reserved 1048576K
GC Heap History (10 events):
Event: 35,489 GC heap after
Heap after GC invocations=5 (full 0):
 PSYoungGen      total 141824K, used 10752K [0x00000000d5580000, 0x00000000ec080000, 0x0000000100000000)
  eden space 131072K, 0% used [0x00000000d5580000,0x00000000d5580000,0x00000000dd580000)
  from space 10752K, 100% used [0x00000000dd580000,0x00000000de000000,0x00000000de000000)
  to   space 54784K, 0% used [0x00000000e8b00000,0x00000000e8b00000,0x00000000ec080000)
 ParOldGen       total 175104K, used 130178K [0x0000000080000000, 0x000000008ab00000, 0x00000000d5580000)
  object space 175104K, 74% used [0x0000000080000000,0x0000000087f20be0,0x000000008ab00000)
 Metaspace       used 10175K, capacity 10752K, committed 11008K, reserved 1058816K
  class space    used 1255K, capacity 1420K, committed 1536K, reserved 1048576K
}
Event: 41,868 GC heap before
{Heap before GC invocations=6 (full 0):
 PSYoungGen      total 141824K, used 141824K [0x00000000d5580000, 0x00000000ec080000, 0x0000000100000000)
  eden space 131072K, 100% used [0x00000000d5580000,0x00000000dd580000,0x00000000dd580000)
  from space 10752K, 100% used [0x00000000dd580000,0x00000000de000000,0x00000000de000000)
  to   space 54784K, 0% used [0x00000000e8b00000,0x00000000e8b00000,0x00000000ec080000)
 ParOldGen       total 175104K, used 130178K [0x0000000080000000, 0x000000008ab00000, 0x00000000d5580000)
  object space 175104K, 74% used [0x0000000080000000,0x0000000087f20be0,0x000000008ab00000)
 Metaspace       used 10811K, capacity 11424K, committed 11520K, reserved 1058816K
  class space    used 1312K, capacity 1452K, committed 1536K, reserved 1048576K
Event: 42,367 GC heap after
Heap after GC invocations=6 (full 0):
 PSYoungGen      total 310272K, used 46157K [0x00000000d5580000, 0x00000000ecd80000, 0x0000000100000000)
  eden space 255488K, 0% used [0x00000000d5580000,0x00000000d5580000,0x00000000e4f00000)
  from space 54784K, 84% used [0x00000000e8b00000,0x00000000eb813510,0x00000000ec080000)
  to   space 61440K, 0% used [0x00000000e4f00000,0x00000000e4f00000,0x00000000e8b00000)
 ParOldGen       total 175104K, used 130178K [0x0000000080000000, 0x000000008ab00000, 0x00000000d5580000)
  object space 175104K, 74% used [0x0000000080000000,0x0000000087f20be0,0x000000008ab00000)
 Metaspace       used 10811K, capacity 11424K, committed 11520K, reserved 1058816K
  class space    used 1312K, capacity 1452K, committed 1536K, reserved 1048576K
}
Event: 51,847 GC heap before
{Heap before GC invocations=7 (full 0):
 PSYoungGen      total 310272K, used 301645K [0x00000000d5580000, 0x00000000ecd80000, 0x0000000100000000)
  eden space 255488K, 100% used [0x00000000d5580000,0x00000000e4f00000,0x00000000e4f00000)
  from space 54784K, 84% used [0x00000000e8b00000,0x00000000eb813510,0x00000000ec080000)
  to   space 61440K, 0% used [0x00000000e4f00000,0x00000000e4f00000,0x00000000e8b00000)
 ParOldGen       total 175104K, used 130178K [0x0000000080000000, 0x000000008ab00000, 0x00000000d5580000)
  object space 175104K, 74% used [0x0000000080000000,0x0000000087f20be0,0x000000008ab00000)
 Metaspace       used 11008K, capacity 11648K, committed 11776K, reserved 1058816K
  class space    used 1328K, capacity 1484K, committed 1536K, reserved 1048576K
Event: 52,900 GC heap after
Heap after GC invocations=7 (full 0):
 PSYoungGen      total 316928K, used 61424K [0x00000000d5580000, 0x00000000ff380000, 0x0000000100000000)
  eden space 255488K, 0% used [0x00000000d5580000,0x00000000d5580000,0x00000000e4f00000)
  from space 61440K, 99% used [0x00000000e4f00000,0x00000000e8afc170,0x00000000e8b00000)
  to   space 87552K, 0% used [0x00000000f9e00000,0x00000000f9e00000,0x00000000ff380000)
 ParOldGen       total 175104K, used 158556K [0x0000000080000000, 0x000000008ab00000, 0x00000000d5580000)
  object space 175104K, 90% used [0x0000000080000000,0x0000000089ad7108,0x000000008ab00000)
 Metaspace       used 11008K, capacity 11648K, committed 11776K, reserved 1058816K
  class space    used 1328K, capacity 1484K, committed 1536K, reserved 1048576K
}
Event: 53,026 GC heap before
{Heap before GC invocations=8 (full 1):
 PSYoungGen      total 316928K, used 61424K [0x00000000d5580000, 0x00000000ff380000, 0x0000000100000000)
  eden space 255488K, 0% used [0x00000000d5580000,0x00000000d5580000,0x00000000e4f00000)
  from space 61440K, 99% used [0x00000000e4f00000,0x00000000e8afc170,0x00000000e8b00000)
  to   space 87552K, 0% used [0x00000000f9e00000,0x00000000f9e00000,0x00000000ff380000)
 ParOldGen       total 175104K, used 158556K [0x0000000080000000, 0x000000008ab00000, 0x00000000d5580000)
  object space 175104K, 90% used [0x0000000080000000,0x0000000089ad7108,0x000000008ab00000)
 Metaspace       used 11008K, capacity 11648K, committed 11776K, reserved 1058816K
  class space    used 1328K, capacity 1484K, committed 1536K, reserved 1048576K
Event: 56,401 GC heap after
Heap after GC invocations=8 (full 1):
 PSYoungGen      total 316928K, used 0K [0x00000000d5580000, 0x00000000ff380000, 0x0000000100000000)
  eden space 255488K, 0% used [0x00000000d5580000,0x00000000d5580000,0x00000000e4f00000)
  from space 61440K, 0% used [0x00000000e4f00000,0x00000000e4f00000,0x00000000e8b00000)
  to   space 87552K, 0% used [0x00000000f9e00000,0x00000000f9e00000,0x00000000ff380000)
 ParOldGen       total 248832K, used 121136K [0x0000000080000000, 0x000000008f300000, 0x00000000d5580000)
  object space 248832K, 48% used [0x0000000080000000,0x000000008764c3d0,0x000000008f300000)
 Metaspace       used 11008K, capacity 11648K, committed 11776K, reserved 1058816K
  class space    used 1328K, capacity 1484K, committed 1536K, reserved 1048576K
}
Event: 61,329 GC heap before
{Heap before GC invocations=9 (full 1):
 PSYoungGen      total 316928K, used 255488K [0x00000000d5580000, 0x00000000ff380000, 0x0000000100000000)
  eden space 255488K, 100% used [0x00000000d5580000,0x00000000e4f00000,0x00000000e4f00000)
  from space 61440K, 0% used [0x00000000e4f00000,0x00000000e4f00000,0x00000000e8b00000)
  to   space 87552K, 0% used [0x00000000f9e00000,0x00000000f9e00000,0x00000000ff380000)
 ParOldGen       total 248832K, used 121136K [0x0000000080000000, 0x000000008f300000, 0x00000000d5580000)
  object space 248832K, 48% used [0x0000000080000000,0x000000008764c3d0,0x000000008f300000)
 Metaspace       used 11490K, capacity 12076K, committed 12288K, reserved 1060864K
  class space    used 1376K, capacity 1518K, committed 1536K, reserved 1048576K
Event: 61,839 GC heap after
Heap after GC invocations=9 (full 1):
 PSYoungGen      total 450560K, used 33215K [0x00000000d5580000, 0x00000000fbe80000, 0x0000000100000000)
  eden space 417280K, 0% used [0x00000000d5580000,0x00000000d5580000,0x00000000eed00000)
  from space 33280K, 99% used [0x00000000f9e00000,0x00000000fbe6fe98,0x00000000fbe80000)
  to   space 82432K, 0% used [0x00000000f1d80000,0x00000000f1d80000,0x00000000f6e00000)
 ParOldGen       total 248832K, used 121136K [0x0000000080000000, 0x000000008f300000, 0x00000000d5580000)
  object space 248832K, 48% used [0x0000000080000000,0x000000008764c3d0,0x000000008f300000)
 Metaspace       used 11490K, capacity 12076K, committed 12288K, reserved 1060864K
  class space    used 1376K, capacity 1518K, committed 1536K, reserved 1048576K
}
Event: 75,277 GC heap before
{Heap before GC invocations=10 (full 1):
 PSYoungGen      total 450560K, used 450495K [0x00000000d5580000, 0x00000000fbe80000, 0x0000000100000000)
  eden space 417280K, 100% used [0x00000000d5580000,0x00000000eed00000,0x00000000eed00000)
  from space 33280K, 99% used [0x00000000f9e00000,0x00000000fbe6fe98,0x00000000fbe80000)
  to   space 82432K, 0% used [0x00000000f1d80000,0x00000000f1d80000,0x00000000f6e00000)
 ParOldGen       total 248832K, used 121136K [0x0000000080000000, 0x000000008f300000, 0x00000000d5580000)
  object space 248832K, 48% used [0x0000000080000000,0x000000008764c3d0,0x000000008f300000)
 Metaspace       used 11646K, capacity 12236K, committed 12416K, reserved 1060864K
  class space    used 1389K, capacity 1550K, committed 1664K, reserved 1048576K

